<?xml version="1.0" encoding="UTF-8"?>
<!-- Generated by org.testng.reporters.JUnitReportReporter -->
<testsuite hostname="TTNPL-PriyankaMehra" failures="0" tests="1" name="org.ttn.QKart.App" time="19.342" errors="0" timestamp="2023-04-11T22:14:24 IST" skipped="0">
  <testcase classname="org.ttn.QKart.App" name="startBrowser" time="19.342"/>
  <system-out/>
</testsuite> <!-- org.ttn.QKart.App -->
